<?xml version="1.0" encoding="UTF-8"?>
<!-- Generated by org.testng.reporters.JUnitReportReporter -->
<testsuite hostname="LP002572" failures="0" tests="1" name="com.coretex.tests.i360.DriverManagerTests" time="112.922" errors="0" timestamp="2022-06-16T00:07:42 CDT" skipped="0">
  <testcase classname="com.coretex.tests.i360.DriverManagerTests" name="editAlertPlan_9654" time="112.922"/>
  <system-out/>
</testsuite> <!-- com.coretex.tests.i360.DriverManagerTests -->
